[1006/235817.587:ERROR:process_reader_win.cc(123)] NtOpenThread: {Access Denied} A process has requested access to an object, but has not been granted those access rights. (0xc0000022)
[1006/235817.618:ERROR:exception_snapshot_win.cc(99)] thread ID 3144 not found in process
[1007/000555.781:ERROR:process_reader_win.cc(123)] NtOpenThread: {Access Denied} A process has requested access to an object, but has not been granted those access rights. (0xc0000022)
[1007/000555.832:ERROR:exception_snapshot_win.cc(99)] thread ID 8820 not found in process
[1008/002120.151:ERROR:process_reader_win.cc(151)] SuspendThread: Access is denied. (0x5)
[1008/002120.151:ERROR:process_reader_win.cc(151)] SuspendThread: Access is denied. (0x5)
[1008/002120.692:ERROR:process_reader_win.cc(151)] SuspendThread: Access is denied. (0x5)
[1008/002120.692:ERROR:process_reader_win.cc(151)] SuspendThread: Access is denied. (0x5)
[1008/002120.692:ERROR:process_reader_win.cc(151)] SuspendThread: Access is denied. (0x5)
[1008/002120.693:ERROR:process_reader_win.cc(123)] NtOpenThread: {Access Denied} A process has requested access to an object, but has not been granted those access rights. (0xc0000022)
[1008/002121.368:ERROR:exception_snapshot_win.cc(99)] thread ID 5744 not found in process
[1008/002120.692:ERROR:process_reader_win.cc(123)] NtOpenThread: {Access Denied} A process has requested access to an object, but has not been granted those access rights. (0xc0000022)
[1008/002121.368:ERROR:exception_snapshot_win.cc(99)] thread ID 12264 not found in process
[1008/002235.447:ERROR:process_reader_win.cc(151)] SuspendThread: Access is denied. (0x5)
[1008/002235.448:ERROR:process_reader_win.cc(151)] SuspendThread: Access is denied. (0x5)
[1008/002235.448:ERROR:process_reader_win.cc(123)] NtOpenThread: {Access Denied} A process has requested access to an object, but has not been granted those access rights. (0xc0000022)
[1008/002235.449:ERROR:exception_snapshot_win.cc(99)] thread ID 460 not found in process
[1008/002937.521:ERROR:process_reader_win.cc(123)] NtOpenThread: {Access Denied} A process has requested access to an object, but has not been granted those access rights. (0xc0000022)
[1008/002937.539:ERROR:exception_snapshot_win.cc(99)] thread ID 9056 not found in process
[1027/230429.235:ERROR:process_reader_win.cc(123)] NtOpenThread: {Access Denied} A process has requested access to an object, but has not been granted those access rights. (0xc0000022)
[1027/230429.368:ERROR:exception_snapshot_win.cc(99)] thread ID 9168 not found in process
[1027/230429.368:ERROR:scoped_process_suspend.cc(40)] NtResumeProcess: An attempt was made to access an exiting process. (0xc000010a)
[1129/151936.528:ERROR:process_reader_win.cc(123)] NtOpenThread: {Access Denied} A process has requested access to an object, but has not been granted those access rights. (0xc0000022)
[1129/151936.538:ERROR:process_reader_win.cc(123)] NtOpenThread: {Access Denied} A process has requested access to an object, but has not been granted those access rights. (0xc0000022)
[1129/151936.549:ERROR:process_reader_win.cc(123)] NtOpenThread: {Access Denied} A process has requested access to an object, but has not been granted those access rights. (0xc0000022)
[1129/151936.543:ERROR:process_reader_win.cc(123)] NtOpenThread: {Access Denied} A process has requested access to an object, but has not been granted those access rights. (0xc0000022)
[1129/151937.868:ERROR:exception_snapshot_win.cc(99)] thread ID 10104 not found in process
[1129/151937.868:ERROR:exception_snapshot_win.cc(99)] thread ID 4684 not found in process
[1129/151936.544:ERROR:process_reader_win.cc(123)] NtOpenThread: {Access Denied} A process has requested access to an object, but has not been granted those access rights. (0xc0000022)
[1129/151936.531:ERROR:process_reader_win.cc(123)] NtOpenThread: {Access Denied} A process has requested access to an object, but has not been granted those access rights. (0xc0000022)
[1129/151937.868:ERROR:exception_snapshot_win.cc(99)] thread ID 13072 not found in process
[1129/151937.869:ERROR:exception_snapshot_win.cc(99)] thread ID 9312 not found in process
[1129/151936.528:ERROR:process_reader_win.cc(123)] NtOpenThread: {Access Denied} A process has requested access to an object, but has not been granted those access rights. (0xc0000022)
[1129/151936.528:ERROR:process_reader_win.cc(123)] NtOpenThread: {Access Denied} A process has requested access to an object, but has not been granted those access rights. (0xc0000022)
[1129/151938.329:ERROR:exception_snapshot_win.cc(99)] thread ID 7148 not found in process
[1129/151938.329:ERROR:exception_snapshot_win.cc(99)] thread ID 3972 not found in process
[1129/151936.538:ERROR:process_reader_win.cc(123)] NtOpenThread: {Access Denied} A process has requested access to an object, but has not been granted those access rights. (0xc0000022)
[1129/151936.554:ERROR:process_reader_win.cc(123)] NtOpenThread: {Access Denied} A process has requested access to an object, but has not been granted those access rights. (0xc0000022)
[1129/151938.329:ERROR:exception_snapshot_win.cc(99)] thread ID 12548 not found in process
[1129/151938.329:ERROR:exception_snapshot_win.cc(99)] thread ID 8604 not found in process
[1129/151938.329:ERROR:scoped_process_suspend.cc(40)] NtResumeProcess: An attempt was made to access an exiting process. (0xc000010a)
[1129/151938.329:ERROR:scoped_process_suspend.cc(40)] NtResumeProcess: An attempt was made to access an exiting process. (0xc000010a)
[1129/151938.330:ERROR:scoped_process_suspend.cc(40)] NtResumeProcess: An attempt was made to access an exiting process. (0xc000010a)
[1129/173233.462:ERROR:filesystem_win.cc(129)] GetFileAttributes C:\Users\mubba\AppData\Local\Temp\scoped_dir4852_1474040724\Crashpad\attachments\5d5a80d0-9b9a-436b-b68f-d2f45ab98301: The system cannot find the path specified. (0x3)
[1229/010506.825:ERROR:process_reader_win.cc(151)] SuspendThread: Access is denied. (0x5)
[1229/010506.952:ERROR:process_reader_win.cc(123)] NtOpenThread: An invalid Client ID was specified. (0xc000000b)
[1229/010506.952:ERROR:exception_snapshot_win.cc(99)] thread ID 14524 not found in process
[1229/010506.952:ERROR:scoped_process_suspend.cc(40)] NtResumeProcess: An attempt was made to access an exiting process. (0xc000010a)
[1229/011908.116:ERROR:process_reader_win.cc(151)] SuspendThread: Access is denied. (0x5)
[1229/011908.111:ERROR:process_reader_win.cc(123)] NtOpenThread: {Access Denied} A process has requested access to an object, but has not been granted those access rights. (0xc0000022)
[1229/011908.294:ERROR:process_reader_win.cc(123)] NtOpenThread: {Access Denied} A process has requested access to an object, but has not been granted those access rights. (0xc0000022)
[1229/011908.303:ERROR:process_reader_win.cc(123)] NtOpenThread: {Access Denied} A process has requested access to an object, but has not been granted those access rights. (0xc0000022)
[1229/011908.303:ERROR:exception_snapshot_win.cc(99)] thread ID 26012 not found in process
[1229/011908.303:ERROR:exception_snapshot_win.cc(99)] thread ID 25176 not found in process
[1229/011908.303:ERROR:exception_snapshot_win.cc(99)] thread ID 40296 not found in process
[1229/011908.588:ERROR:process_reader_win.cc(151)] SuspendThread: Access is denied. (0x5)
[1229/011908.588:ERROR:process_reader_win.cc(123)] NtOpenThread: {Access Denied} A process has requested access to an object, but has not been granted those access rights. (0xc0000022)
[1229/011908.588:ERROR:exception_snapshot_win.cc(99)] thread ID 38396 not found in process
[1229/015840.951:ERROR:process_reader_win.cc(123)] NtOpenThread: {Access Denied} A process has requested access to an object, but has not been granted those access rights. (0xc0000022)
[1229/015841.026:ERROR:exception_snapshot_win.cc(99)] thread ID 39008 not found in process
[1229/024233.041:ERROR:process_reader_win.cc(123)] NtOpenThread: {Access Denied} A process has requested access to an object, but has not been granted those access rights. (0xc0000022)
[1229/024233.035:ERROR:process_reader_win.cc(123)] NtOpenThread: {Access Denied} A process has requested access to an object, but has not been granted those access rights. (0xc0000022)
[1229/024233.087:ERROR:exception_snapshot_win.cc(99)] thread ID 41820 not found in process
[1229/024233.105:ERROR:exception_snapshot_win.cc(99)] thread ID 6000 not found in process
[1229/025521.873:ERROR:process_reader_win.cc(123)] NtOpenThread: {Access Denied} A process has requested access to an object, but has not been granted those access rights. (0xc0000022)
[1229/025522.516:ERROR:exception_snapshot_win.cc(99)] thread ID 42632 not found in process
[1229/211500.838:ERROR:process_reader_win.cc(123)] NtOpenThread: {Access Denied} A process has requested access to an object, but has not been granted those access rights. (0xc0000022)
[1229/211500.762:ERROR:process_reader_win.cc(123)] NtOpenThread: {Access Denied} A process has requested access to an object, but has not been granted those access rights. (0xc0000022)
[1229/211501.016:ERROR:exception_snapshot_win.cc(99)] thread ID 39540 not found in process
[1229/211501.016:ERROR:exception_snapshot_win.cc(99)] thread ID 38164 not found in process
[1229/212209.250:ERROR:process_reader_win.cc(123)] NtOpenThread: {Access Denied} A process has requested access to an object, but has not been granted those access rights. (0xc0000022)
[1229/212209.247:ERROR:process_reader_win.cc(123)] NtOpenThread: {Access Denied} A process has requested access to an object, but has not been granted those access rights. (0xc0000022)
[1229/212210.517:ERROR:exception_snapshot_win.cc(99)] thread ID 40184 not found in process
[1229/212210.517:ERROR:exception_snapshot_win.cc(99)] thread ID 41080 not found in process
[1229/212211.856:ERROR:process_reader_win.cc(123)] NtOpenThread: {Access Denied} A process has requested access to an object, but has not been granted those access rights. (0xc0000022)
[1229/212211.856:ERROR:exception_snapshot_win.cc(99)] thread ID 5420 not found in process
[1229/221432.137:ERROR:process_reader_win.cc(123)] NtOpenThread: {Access Denied} A process has requested access to an object, but has not been granted those access rights. (0xc0000022)
[1229/221432.134:ERROR:process_reader_win.cc(123)] NtOpenThread: {Access Denied} A process has requested access to an object, but has not been granted those access rights. (0xc0000022)
[1229/221432.139:ERROR:process_reader_win.cc(123)] NtOpenThread: {Access Denied} A process has requested access to an object, but has not been granted those access rights. (0xc0000022)
[1229/221432.219:ERROR:exception_snapshot_win.cc(99)] thread ID 39996 not found in process
[1229/221432.219:ERROR:exception_snapshot_win.cc(99)] thread ID 36092 not found in process
[1229/221432.219:ERROR:exception_snapshot_win.cc(99)] thread ID 40268 not found in process
[1229/221432.595:ERROR:process_reader_win.cc(123)] NtOpenThread: {Access Denied} A process has requested access to an object, but has not been granted those access rights. (0xc0000022)
[1229/221432.595:ERROR:exception_snapshot_win.cc(99)] thread ID 18360 not found in process
[1230/012142.688:ERROR:process_reader_win.cc(151)] SuspendThread: Access is denied. (0x5)
[1230/012143.219:ERROR:process_reader_win.cc(123)] NtOpenThread: {Access Denied} A process has requested access to an object, but has not been granted those access rights. (0xc0000022)
[1230/012143.113:ERROR:process_reader_win.cc(123)] NtOpenThread: {Access Denied} A process has requested access to an object, but has not been granted those access rights. (0xc0000022)
[1230/012143.387:ERROR:exception_snapshot_win.cc(99)] thread ID 23580 not found in process
[1230/012143.387:ERROR:exception_snapshot_win.cc(99)] thread ID 1828 not found in process
[0102/011412.673:ERROR:process_reader_win.cc(151)] SuspendThread: Access is denied. (0x5)
[0102/011412.673:ERROR:process_reader_win.cc(151)] SuspendThread: Access is denied. (0x5)
[0102/011412.671:ERROR:process_reader_win.cc(123)] NtOpenThread: {Access Denied} A process has requested access to an object, but has not been granted those access rights. (0xc0000022)
[0102/011413.055:ERROR:exception_snapshot_win.cc(99)] thread ID 23568 not found in process
[0102/011413.055:ERROR:process_reader_win.cc(151)] SuspendThread: Access is denied. (0x5)
[0102/011413.055:ERROR:process_reader_win.cc(123)] NtOpenThread: {Access Denied} A process has requested access to an object, but has not been granted those access rights. (0xc0000022)
[0102/011413.069:ERROR:process_reader_win.cc(151)] SuspendThread: Access is denied. (0x5)
[0102/011413.069:ERROR:exception_snapshot_win.cc(99)] thread ID 23164 not found in process
[0102/011413.069:ERROR:process_reader_win.cc(151)] SuspendThread: Access is denied. (0x5)
[0102/011413.069:ERROR:process_reader_win.cc(123)] NtOpenThread: {Access Denied} A process has requested access to an object, but has not been granted those access rights. (0xc0000022)
[0102/011413.069:ERROR:exception_snapshot_win.cc(99)] thread ID 22920 not found in process
[0102/011541.570:ERROR:process_reader_win.cc(151)] SuspendThread: Access is denied. (0x5)
[0102/011541.664:ERROR:process_reader_win.cc(151)] SuspendThread: Access is denied. (0x5)
[0102/011541.570:ERROR:process_reader_win.cc(123)] NtOpenThread: {Access Denied} A process has requested access to an object, but has not been granted those access rights. (0xc0000022)
[0102/011541.664:ERROR:process_reader_win.cc(123)] NtOpenThread: {Access Denied} A process has requested access to an object, but has not been granted those access rights. (0xc0000022)
[0102/011541.703:ERROR:exception_snapshot_win.cc(99)] thread ID 22656 not found in process
[0102/011541.703:ERROR:exception_snapshot_win.cc(99)] thread ID 17400 not found in process
[0102/011542.478:ERROR:process_reader_win.cc(151)] SuspendThread: Access is denied. (0x5)
[0102/011542.478:ERROR:process_reader_win.cc(151)] SuspendThread: Access is denied. (0x5)
[0102/011542.478:ERROR:process_reader_win.cc(151)] SuspendThread: Access is denied. (0x5)
[0102/011542.478:ERROR:process_reader_win.cc(123)] NtOpenThread: {Access Denied} A process has requested access to an object, but has not been granted those access rights. (0xc0000022)
[0102/011542.478:ERROR:exception_snapshot_win.cc(99)] thread ID 23428 not found in process
[0102/011922.925:ERROR:process_reader_win.cc(123)] NtOpenThread: {Access Denied} A process has requested access to an object, but has not been granted those access rights. (0xc0000022)
[0102/011923.037:ERROR:exception_snapshot_win.cc(99)] thread ID 25460 not found in process
[0102/012402.199:ERROR:process_reader_win.cc(151)] SuspendThread: Access is denied. (0x5)
[0102/012402.234:ERROR:process_reader_win.cc(123)] NtOpenThread: {Access Denied} A process has requested access to an object, but has not been granted those access rights. (0xc0000022)
[0102/012402.274:ERROR:exception_snapshot_win.cc(99)] thread ID 24148 not found in process
[0102/012856.654:ERROR:process_reader_win.cc(123)] NtOpenThread: {Access Denied} A process has requested access to an object, but has not been granted those access rights. (0xc0000022)
[0102/012856.660:ERROR:process_reader_win.cc(151)] SuspendThread: Access is denied. (0x5)
[0102/012856.764:ERROR:exception_snapshot_win.cc(99)] thread ID 17464 not found in process
[0102/012856.764:ERROR:process_reader_win.cc(151)] SuspendThread: Access is denied. (0x5)
[0102/012856.764:ERROR:process_reader_win.cc(123)] NtOpenThread: {Access Denied} A process has requested access to an object, but has not been granted those access rights. (0xc0000022)
[0102/012856.764:ERROR:exception_snapshot_win.cc(99)] thread ID 21072 not found in process
